<?xml version="1.0" encoding="UTF-8"?>
<!-- Generated by org.testng.reporters.JUnitReportReporter -->
<testsuite hostname="LAPTOP-GCBL1CQC" failures="0" tests="7" name="com.BDDCucumberProject.testRunner.TestRun" time="12.062" errors="0" timestamp="2023-05-13T08:04:07 EDT" skipped="0">
  <testcase classname="com.BDDCucumberProject.testRunner.TestRun" name="product_page" time="1.274"/>
  <system-out/>
  <testcase classname="com.BDDCucumberProject.testRunner.TestRun" name="select_item_To_purchase" time="3.367"/>
  <system-out/>
  <testcase classname="com.BDDCucumberProject.testRunner.TestRun" name="click_add_to_cart_button" time="2.183"/>
  <system-out/>
  <testcase classname="com.BDDCucumberProject.testRunner.TestRun" name="check_item_in_the_cart" time="1.523"/>
  <system-out/>
  <testcase classname="com.BDDCucumberProject.testRunner.TestRun" name="cart_page" time="2.589"/>
  <system-out/>
  <testcase classname="com.BDDCucumberProject.testRunner.TestRun" name="remove_item_from_cart" time="0.192"/>
  <system-out/>
  <testcase classname="com.BDDCucumberProject.testRunner.TestRun" name="check_item_remove_from_cart" time="0.934"/>
  <system-out/>
</testsuite> <!-- com.BDDCucumberProject.testRunner.TestRun -->
