<?xml version="1.0" encoding="UTF-8"?>
<!-- Generated by org.testng.reporters.JUnitReportReporter -->
<testsuite hostname="LAPTOP-GCBL1CQC" failures="0" tests="7" name="com.BDDCucumber.testRunner.TestRunnerClass" time="11.570" errors="0" timestamp="2023-05-15T17:34:01 EDT" skipped="0">
  <testcase classname="com.BDDCucumber.testRunner.TestRunnerClass" name="product_page" time="1.294"/>
  <system-out/>
  <testcase classname="com.BDDCucumber.testRunner.TestRunnerClass" name="select_item_To_purchase" time="4.062"/>
  <system-out/>
  <testcase classname="com.BDDCucumber.testRunner.TestRunnerClass" name="click_add_to_cart_button" time="2.249"/>
  <system-out/>
  <testcase classname="com.BDDCucumber.testRunner.TestRunnerClass" name="check_item_in_the_cart" time="1.559"/>
  <system-out/>
  <testcase classname="com.BDDCucumber.testRunner.TestRunnerClass" name="cart_page" time="1.336"/>
  <system-out/>
  <testcase classname="com.BDDCucumber.testRunner.TestRunnerClass" name="remove_item_from_cart" time="0.189"/>
  <system-out/>
  <testcase classname="com.BDDCucumber.testRunner.TestRunnerClass" name="check_item_remove_from_cart" time="0.881"/>
  <system-out/>
</testsuite> <!-- com.BDDCucumber.testRunner.TestRunnerClass -->
