<?xml version="1.0" encoding="UTF-8"?>
<!-- Generated by org.testng.reporters.JUnitReportReporter -->
<testsuite hostname="LAPTOP-GCBL1CQC" failures="0" tests="7" name="com.BDDCucumberProject.testRunner.TestRunnerClass" time="15.061" errors="0" timestamp="2023-05-12T14:44:07 EDT" skipped="0">
  <testcase classname="com.BDDCucumberProject.testRunner.TestRunnerClass" name="product_page" time="1.437"/>
  <system-out/>
  <testcase classname="com.BDDCucumberProject.testRunner.TestRunnerClass" name="select_item_To_purchase" time="5.336"/>
  <system-out/>
  <testcase classname="com.BDDCucumberProject.testRunner.TestRunnerClass" name="click_add_to_cart_button" time="2.041"/>
  <system-out/>
  <testcase classname="com.BDDCucumberProject.testRunner.TestRunnerClass" name="check_item_in_the_cart" time="1.249"/>
  <system-out/>
  <testcase classname="com.BDDCucumberProject.testRunner.TestRunnerClass" name="cart_page" time="3.818"/>
  <system-out/>
  <testcase classname="com.BDDCucumberProject.testRunner.TestRunnerClass" name="remove_item_from_cart" time="0.160"/>
  <system-out/>
  <testcase classname="com.BDDCucumberProject.testRunner.TestRunnerClass" name="check_item_remove_from_cart" time="1.020"/>
  <system-out/>
</testsuite> <!-- com.BDDCucumberProject.testRunner.TestRunnerClass -->
